<?xml version="1.0" encoding="UTF-8"?>
<!-- Generated by org.testng.reporters.JUnitXMLReporter -->
<testsuite hostname="DESKTOP-MTSHBJ8" ignored="0" name="Surefire test" tests="3" failures="0" timestamp="15 фев 2019 20:16:16 GMT" time="2.257" errors="0">
  <testcase name="checkAuthInvalidForm" time="0.379" classname="cheshire.AppTest"/>
  <testcase name="checkAuthValidForm" time="0.426" classname="cheshire.AppTest"/>
  <testcase name="shouldAnswerWithTrue" time="0.0" classname="cheshire.AppTest"/>
</testsuite> <!-- Surefire test -->
